[2024-12-28T14:14:07,113][INFO ][o.e.n.j.JdkVectorLibrary ] [Gauravs-MacBook-Pro.local] vec_caps=1
[2024-12-28T14:14:07,121][INFO ][o.e.n.NativeAccess       ] [Gauravs-MacBook-Pro.local] Using native vector library; to disable start with -Dorg.elasticsearch.nativeaccess.enableVectorLibrary=false
[2024-12-28T14:14:07,123][INFO ][o.e.n.NativeAccess       ] [Gauravs-MacBook-Pro.local] Using [jdk] native provider and native methods for [MacOS]
[2024-12-28T14:14:07,168][INFO ][o.a.l.i.v.PanamaVectorizationProvider] [Gauravs-MacBook-Pro.local] Java vector incubator API enabled; uses preferredBitSize=128
[2024-12-28T14:14:07,168][INFO ][o.e.j.JarHell            ] [Gauravs-MacBook-Pro.local] Bootstrapping java SecurityManager
[2024-12-28T14:14:07,466][INFO ][o.e.n.Node               ] [Gauravs-MacBook-Pro.local] version[8.17.0], pid[87198], build[tar/2b6a7fed44faa321997703718f07ee0420804b41/2024-12-11T12:08:05.663969764Z], OS[Mac OS X/15.3/aarch64], JVM[Oracle Corporation/OpenJDK 64-Bit Server VM/23/23+37-2369]
[2024-12-28T14:14:07,467][INFO ][o.e.n.Node               ] [Gauravs-MacBook-Pro.local] JVM home [/Users/gaurav/Downloads/elasticsearch-8.17.0/jdk.app/Contents/Home], using bundled JDK [true]
[2024-12-28T14:14:07,467][INFO ][o.e.n.Node               ] [Gauravs-MacBook-Pro.local] JVM arguments [-Des.networkaddress.cache.ttl=60, -Des.networkaddress.cache.negative.ttl=10, -XX:+AlwaysPreTouch, -Xss1m, -Djava.awt.headless=true, -Dfile.encoding=UTF-8, -Djna.nosys=true, -XX:-OmitStackTraceInFastThrow, -Dio.netty.noUnsafe=true, -Dio.netty.noKeySetOptimization=true, -Dio.netty.recycler.maxCapacityPerThread=0, -Dlog4j.shutdownHookEnabled=false, -Dlog4j2.disable.jmx=true, -Dlog4j2.formatMsgNoLookups=true, -Djava.locale.providers=CLDR, -Des.distribution.type=tar, --enable-native-access=org.elasticsearch.nativeaccess,org.apache.lucene.core, -XX:ReplayDataFile=logs/replay_pid%p.log, -Djava.security.manager=allow, -XX:+UseG1GC, -Djava.io.tmpdir=/var/folders/zc/7rdm20pd3ync0kmjd1rz_g6w0000gn/T/elasticsearch-11116242833397888740, --add-modules=jdk.incubator.vector, -XX:CompileCommand=dontinline,java/lang/invoke/MethodHandle.setAsTypeCache, -XX:CompileCommand=dontinline,java/lang/invoke/MethodHandle.asTypeUncached, -XX:+HeapDumpOnOutOfMemoryError, -XX:+ExitOnOutOfMemoryError, -XX:HeapDumpPath=data, -XX:ErrorFile=logs/hs_err_pid%p.log, -Xlog:gc*,gc+age=trace,safepoint:file=logs/gc.log:utctime,level,pid,tags:filecount=32,filesize=64m, -Xms8192m, -Xmx8192m, -XX:MaxDirectMemorySize=4294967296, -XX:InitiatingHeapOccupancyPercent=30, -XX:G1ReservePercent=25, --module-path=/Users/gaurav/Downloads/elasticsearch-8.17.0/lib, --add-modules=jdk.net, --add-modules=ALL-MODULE-PATH, -Djdk.module.main=org.elasticsearch.server]
[2024-12-28T14:14:07,467][INFO ][o.e.n.Node               ] [Gauravs-MacBook-Pro.local] Default Locale [en_IN]
[2024-12-28T14:14:09,109][INFO ][o.e.p.PluginsService     ] [Gauravs-MacBook-Pro.local] loaded module [repository-url]
[2024-12-28T14:14:09,109][INFO ][o.e.p.PluginsService     ] [Gauravs-MacBook-Pro.local] loaded module [rest-root]
[2024-12-28T14:14:09,109][INFO ][o.e.p.PluginsService     ] [Gauravs-MacBook-Pro.local] loaded module [x-pack-core]
[2024-12-28T14:14:09,109][INFO ][o.e.p.PluginsService     ] [Gauravs-MacBook-Pro.local] loaded module [x-pack-redact]
[2024-12-28T14:14:09,109][INFO ][o.e.p.PluginsService     ] [Gauravs-MacBook-Pro.local] loaded module [ingest-user-agent]
[2024-12-28T14:14:09,109][INFO ][o.e.p.PluginsService     ] [Gauravs-MacBook-Pro.local] loaded module [x-pack-async-search]
[2024-12-28T14:14:09,109][INFO ][o.e.p.PluginsService     ] [Gauravs-MacBook-Pro.local] loaded module [x-pack-monitoring]
[2024-12-28T14:14:09,109][INFO ][o.e.p.PluginsService     ] [Gauravs-MacBook-Pro.local] loaded module [repository-s3]
[2024-12-28T14:14:09,109][INFO ][o.e.p.PluginsService     ] [Gauravs-MacBook-Pro.local] loaded module [x-pack-esql-core]
[2024-12-28T14:14:09,109][INFO ][o.e.p.PluginsService     ] [Gauravs-MacBook-Pro.local] loaded module [x-pack-analytics]
[2024-12-28T14:14:09,110][INFO ][o.e.p.PluginsService     ] [Gauravs-MacBook-Pro.local] loaded module [x-pack-ent-search]
[2024-12-28T14:14:09,110][INFO ][o.e.p.PluginsService     ] [Gauravs-MacBook-Pro.local] loaded module [x-pack-autoscaling]
[2024-12-28T14:14:09,110][INFO ][o.e.p.PluginsService     ] [Gauravs-MacBook-Pro.local] loaded module [lang-painless]
[2024-12-28T14:14:09,110][INFO ][o.e.p.PluginsService     ] [Gauravs-MacBook-Pro.local] loaded module [x-pack-ml]
[2024-12-28T14:14:09,110][INFO ][o.e.p.PluginsService     ] [Gauravs-MacBook-Pro.local] loaded module [legacy-geo]
[2024-12-28T14:14:09,110][INFO ][o.e.p.PluginsService     ] [Gauravs-MacBook-Pro.local] loaded module [lang-mustache]
[2024-12-28T14:14:09,110][INFO ][o.e.p.PluginsService     ] [Gauravs-MacBook-Pro.local] loaded module [x-pack-ql]
[2024-12-28T14:14:09,110][INFO ][o.e.p.PluginsService     ] [Gauravs-MacBook-Pro.local] loaded module [logsdb]
[2024-12-28T14:14:09,110][INFO ][o.e.p.PluginsService     ] [Gauravs-MacBook-Pro.local] loaded module [rank-rrf]
[2024-12-28T14:14:09,110][INFO ][o.e.p.PluginsService     ] [Gauravs-MacBook-Pro.local] loaded module [analysis-common]
[2024-12-28T14:14:09,110][INFO ][o.e.p.PluginsService     ] [Gauravs-MacBook-Pro.local] loaded module [health-shards-availability]
[2024-12-28T14:14:09,110][INFO ][o.e.p.PluginsService     ] [Gauravs-MacBook-Pro.local] loaded module [transport-netty4]
[2024-12-28T14:14:09,110][INFO ][o.e.p.PluginsService     ] [Gauravs-MacBook-Pro.local] loaded module [aggregations]
[2024-12-28T14:14:09,110][INFO ][o.e.p.PluginsService     ] [Gauravs-MacBook-Pro.local] loaded module [ingest-common]
[2024-12-28T14:14:09,110][INFO ][o.e.p.PluginsService     ] [Gauravs-MacBook-Pro.local] loaded module [x-pack-identity-provider]
[2024-12-28T14:14:09,111][INFO ][o.e.p.PluginsService     ] [Gauravs-MacBook-Pro.local] loaded module [frozen-indices]
[2024-12-28T14:14:09,111][INFO ][o.e.p.PluginsService     ] [Gauravs-MacBook-Pro.local] loaded module [x-pack-text-structure]
[2024-12-28T14:14:09,111][INFO ][o.e.p.PluginsService     ] [Gauravs-MacBook-Pro.local] loaded module [x-pack-shutdown]
[2024-12-28T14:14:09,111][INFO ][o.e.p.PluginsService     ] [Gauravs-MacBook-Pro.local] loaded module [snapshot-repo-test-kit]
[2024-12-28T14:14:09,111][INFO ][o.e.p.PluginsService     ] [Gauravs-MacBook-Pro.local] loaded module [ml-package-loader]
[2024-12-28T14:14:09,111][INFO ][o.e.p.PluginsService     ] [Gauravs-MacBook-Pro.local] loaded module [kibana]
[2024-12-28T14:14:09,111][INFO ][o.e.p.PluginsService     ] [Gauravs-MacBook-Pro.local] loaded module [constant-keyword]
[2024-12-28T14:14:09,111][INFO ][o.e.p.PluginsService     ] [Gauravs-MacBook-Pro.local] loaded module [x-pack-logstash]
[2024-12-28T14:14:09,111][INFO ][o.e.p.PluginsService     ] [Gauravs-MacBook-Pro.local] loaded module [x-pack-graph]
[2024-12-28T14:14:09,111][INFO ][o.e.p.PluginsService     ] [Gauravs-MacBook-Pro.local] loaded module [x-pack-ccr]
[2024-12-28T14:14:09,111][INFO ][o.e.p.PluginsService     ] [Gauravs-MacBook-Pro.local] loaded module [x-pack-esql]
[2024-12-28T14:14:09,111][INFO ][o.e.p.PluginsService     ] [Gauravs-MacBook-Pro.local] loaded module [parent-join]
[2024-12-28T14:14:09,111][INFO ][o.e.p.PluginsService     ] [Gauravs-MacBook-Pro.local] loaded module [counted-keyword]
[2024-12-28T14:14:09,111][INFO ][o.e.p.PluginsService     ] [Gauravs-MacBook-Pro.local] loaded module [x-pack-enrich]
[2024-12-28T14:14:09,111][INFO ][o.e.p.PluginsService     ] [Gauravs-MacBook-Pro.local] loaded module [repositories-metering-api]
[2024-12-28T14:14:09,112][INFO ][o.e.p.PluginsService     ] [Gauravs-MacBook-Pro.local] loaded module [transform]
[2024-12-28T14:14:09,112][INFO ][o.e.p.PluginsService     ] [Gauravs-MacBook-Pro.local] loaded module [repository-azure]
[2024-12-28T14:14:09,112][INFO ][o.e.p.PluginsService     ] [Gauravs-MacBook-Pro.local] loaded module [dot-prefix-validation]
[2024-12-28T14:14:09,112][INFO ][o.e.p.PluginsService     ] [Gauravs-MacBook-Pro.local] loaded module [repository-gcs]
[2024-12-28T14:14:09,112][INFO ][o.e.p.PluginsService     ] [Gauravs-MacBook-Pro.local] loaded module [spatial]
[2024-12-28T14:14:09,112][INFO ][o.e.p.PluginsService     ] [Gauravs-MacBook-Pro.local] loaded module [x-pack-otel-data]
[2024-12-28T14:14:09,112][INFO ][o.e.p.PluginsService     ] [Gauravs-MacBook-Pro.local] loaded module [apm]
[2024-12-28T14:14:09,112][INFO ][o.e.p.PluginsService     ] [Gauravs-MacBook-Pro.local] loaded module [mapper-extras]
[2024-12-28T14:14:09,112][INFO ][o.e.p.PluginsService     ] [Gauravs-MacBook-Pro.local] loaded module [mapper-version]
[2024-12-28T14:14:09,112][INFO ][o.e.p.PluginsService     ] [Gauravs-MacBook-Pro.local] loaded module [x-pack-rollup]
[2024-12-28T14:14:09,112][INFO ][o.e.p.PluginsService     ] [Gauravs-MacBook-Pro.local] loaded module [percolator]
[2024-12-28T14:14:09,112][INFO ][o.e.p.PluginsService     ] [Gauravs-MacBook-Pro.local] loaded module [data-streams]
[2024-12-28T14:14:09,112][INFO ][o.e.p.PluginsService     ] [Gauravs-MacBook-Pro.local] loaded module [x-pack-stack]
[2024-12-28T14:14:09,112][INFO ][o.e.p.PluginsService     ] [Gauravs-MacBook-Pro.local] loaded module [rank-eval]
[2024-12-28T14:14:09,112][INFO ][o.e.p.PluginsService     ] [Gauravs-MacBook-Pro.local] loaded module [reindex]
[2024-12-28T14:14:09,112][INFO ][o.e.p.PluginsService     ] [Gauravs-MacBook-Pro.local] loaded module [x-pack-security]
[2024-12-28T14:14:09,112][INFO ][o.e.p.PluginsService     ] [Gauravs-MacBook-Pro.local] loaded module [blob-cache]
[2024-12-28T14:14:09,112][INFO ][o.e.p.PluginsService     ] [Gauravs-MacBook-Pro.local] loaded module [searchable-snapshots]
[2024-12-28T14:14:09,113][INFO ][o.e.p.PluginsService     ] [Gauravs-MacBook-Pro.local] loaded module [x-pack-slm]
[2024-12-28T14:14:09,113][INFO ][o.e.p.PluginsService     ] [Gauravs-MacBook-Pro.local] loaded module [x-pack-geoip-enterprise-downloader]
[2024-12-28T14:14:09,113][INFO ][o.e.p.PluginsService     ] [Gauravs-MacBook-Pro.local] loaded module [snapshot-based-recoveries]
[2024-12-28T14:14:09,113][INFO ][o.e.p.PluginsService     ] [Gauravs-MacBook-Pro.local] loaded module [x-pack-watcher]
[2024-12-28T14:14:09,113][INFO ][o.e.p.PluginsService     ] [Gauravs-MacBook-Pro.local] loaded module [old-lucene-versions]
[2024-12-28T14:14:09,113][INFO ][o.e.p.PluginsService     ] [Gauravs-MacBook-Pro.local] loaded module [x-pack-ilm]
[2024-12-28T14:14:09,113][INFO ][o.e.p.PluginsService     ] [Gauravs-MacBook-Pro.local] loaded module [x-pack-inference]
[2024-12-28T14:14:09,113][INFO ][o.e.p.PluginsService     ] [Gauravs-MacBook-Pro.local] loaded module [x-pack-voting-only-node]
[2024-12-28T14:14:09,113][INFO ][o.e.p.PluginsService     ] [Gauravs-MacBook-Pro.local] loaded module [x-pack-deprecation]
[2024-12-28T14:14:09,113][INFO ][o.e.p.PluginsService     ] [Gauravs-MacBook-Pro.local] loaded module [x-pack-fleet]
[2024-12-28T14:14:09,113][INFO ][o.e.p.PluginsService     ] [Gauravs-MacBook-Pro.local] loaded module [x-pack-profiling]
[2024-12-28T14:14:09,113][INFO ][o.e.p.PluginsService     ] [Gauravs-MacBook-Pro.local] loaded module [x-pack-aggregate-metric]
[2024-12-28T14:14:09,113][INFO ][o.e.p.PluginsService     ] [Gauravs-MacBook-Pro.local] loaded module [x-pack-downsample]
[2024-12-28T14:14:09,113][INFO ][o.e.p.PluginsService     ] [Gauravs-MacBook-Pro.local] loaded module [ingest-geoip]
[2024-12-28T14:14:09,113][INFO ][o.e.p.PluginsService     ] [Gauravs-MacBook-Pro.local] loaded module [x-pack-write-load-forecaster]
[2024-12-28T14:14:09,113][INFO ][o.e.p.PluginsService     ] [Gauravs-MacBook-Pro.local] loaded module [search-business-rules]
[2024-12-28T14:14:09,113][INFO ][o.e.p.PluginsService     ] [Gauravs-MacBook-Pro.local] loaded module [wildcard]
[2024-12-28T14:14:09,113][INFO ][o.e.p.PluginsService     ] [Gauravs-MacBook-Pro.local] loaded module [ingest-attachment]
[2024-12-28T14:14:09,113][INFO ][o.e.p.PluginsService     ] [Gauravs-MacBook-Pro.local] loaded module [x-pack-apm-data]
[2024-12-28T14:14:09,114][INFO ][o.e.p.PluginsService     ] [Gauravs-MacBook-Pro.local] loaded module [unsigned-long]
[2024-12-28T14:14:09,114][INFO ][o.e.p.PluginsService     ] [Gauravs-MacBook-Pro.local] loaded module [x-pack-sql]
[2024-12-28T14:14:09,114][INFO ][o.e.p.PluginsService     ] [Gauravs-MacBook-Pro.local] loaded module [runtime-fields-common]
[2024-12-28T14:14:09,114][INFO ][o.e.p.PluginsService     ] [Gauravs-MacBook-Pro.local] loaded module [x-pack-async]
[2024-12-28T14:14:09,114][INFO ][o.e.p.PluginsService     ] [Gauravs-MacBook-Pro.local] loaded module [vector-tile]
[2024-12-28T14:14:09,114][INFO ][o.e.p.PluginsService     ] [Gauravs-MacBook-Pro.local] loaded module [x-pack-kql]
[2024-12-28T14:14:09,114][INFO ][o.e.p.PluginsService     ] [Gauravs-MacBook-Pro.local] loaded module [lang-expression]
[2024-12-28T14:14:09,114][INFO ][o.e.p.PluginsService     ] [Gauravs-MacBook-Pro.local] loaded module [x-pack-eql]
[2024-12-28T14:14:09,549][INFO ][o.e.e.NodeEnvironment    ] [Gauravs-MacBook-Pro.local] using [1] data paths, mounts [[/System/Volumes/Data (/dev/disk3s5)]], net usable_space [391gb], net total_space [460.4gb], types [apfs]
[2024-12-28T14:14:09,549][INFO ][o.e.e.NodeEnvironment    ] [Gauravs-MacBook-Pro.local] heap size [8gb], compressed ordinary object pointers [true]
[2024-12-28T14:14:09,556][INFO ][o.e.n.Node               ] [Gauravs-MacBook-Pro.local] node name [Gauravs-MacBook-Pro.local], node ID [qn6VtJiBRrS59lQ_YYuWbQ], cluster name [tech-reloded], roles [data_cold, data, remote_cluster_client, master, data_warm, data_content, transform, data_hot, ml, data_frozen, ingest]
[2024-12-28T14:14:10,917][INFO ][o.e.i.r.RecoverySettings ] [Gauravs-MacBook-Pro.local] using rate limit [40mb] with [default=40mb, read=0b, write=0b, max=0b]
[2024-12-28T14:14:10,985][INFO ][o.e.f.FeatureService     ] [Gauravs-MacBook-Pro.local] Registered local node features [cluster.stats.source_modes, data_stream.auto_sharding, data_stream.lifecycle.global_retention, data_stream.rollover.lazy, desired_node.version_deprecated, esql.agg_values, esql.async_query, esql.base64_decode_encode, esql.casting_operator, esql.counter_types, esql.disable_nullable_opts, esql.from_options, esql.metadata_fields, esql.metrics_counter_fields, esql.mv_ordering_sorted_ascending, esql.mv_sort, esql.resolve_fields_api, esql.spatial_points_from_source, esql.spatial_shapes, esql.st_centroid_agg, esql.st_contains_within, esql.st_disjoint, esql.st_intersects, esql.st_x_y, esql.string_literal_auto_casting, esql.string_literal_auto_casting_extended, esql.timespan_abbreviations, features_supported, file_settings, flattened.ignore_above_support, geoip.downloader.database.configuration, get_database_configuration_action.multi_node, health.dsl.info, health.extended_repository_indicator, knn_retriever_supported, license-trial-independent-version, logsdb_telemetry, logsdb_telemetry_stats, mapper.boolean_dimension, mapper.flattened.ignore_above_with_arrays_support, mapper.ignore_above_index_level_setting, mapper.index_sorting_on_nested, mapper.keyword_dimension_ignore_above, mapper.keyword_normalizer_synthetic_source, mapper.pass_through_priority, mapper.query_index_mode, mapper.range.null_values_off_by_one_fix, mapper.segment_level_fields_stats, mapper.source.synthetic_source_copy_to_fix, mapper.source.synthetic_source_copy_to_inside_objects_fix, mapper.source.synthetic_source_fallback, mapper.source.synthetic_source_stored_fields_advance_fix, mapper.source.synthetic_source_with_copy_to_and_doc_values_false, mapper.subobjects_auto, mapper.subobjects_auto_fixes, mapper.synthetic_source_keep, mapper.track_ignored_source, mapper.vectors.bbq, mapper.vectors.bit_vectors, mapper.vectors.int4_quantization, put_database_configuration_action.ipinfo, query_rule_list_types, query_rule_retriever_supported, query_rules.test, random_reranker_retriever_supported, repositories.supports_usage_stats, rest.capabilities_action, rest.local_only_capabilities, retrievers_supported, routing.boolean_routing_path, routing.multi_value_routing_path, rrf_retriever_composition_supported, rrf_retriever_supported, script.hamming, script.term_stats, search.vectors.k_param_supported, security.migration_framework, security.role_mapping_cleanup, security.roles_metadata_flattened, semantic_text.default_elser_2, semantic_text.search_inference_id, simulate.component.template.substitutions, simulate.index.template.substitutions, simulate.mapping.addition, simulate.mapping.validation, simulate.mapping.validation.templates, simulate.support.non.template.mapping, slm.interval_schedule, snapshot.repository_verify_integrity, standard_retriever_supported, stats.include_disk_thresholds, text_similarity_reranker_retriever_composition_supported, text_similarity_reranker_retriever_supported, tsdb.ts_routing_hash_doc_value_parse_byte_ref, unified_highlighter_matched_fields, usage.data_tiers.precalculate_stats]
[2024-12-28T14:14:10,996][INFO ][o.e.c.m.DataStreamGlobalRetentionSettings] [Gauravs-MacBook-Pro.local] Updated default factory retention to [null]
[2024-12-28T14:14:10,996][INFO ][o.e.c.m.DataStreamGlobalRetentionSettings] [Gauravs-MacBook-Pro.local] Updated max factory retention to [null]
[2024-12-28T14:14:11,182][INFO ][o.e.x.m.p.l.CppLogMessageHandler] [Gauravs-MacBook-Pro.local] [controller/87199] [Main.cc@123] controller (64 bit): Version 8.17.0 (Build 148f2c42652bdd) Copyright (c) 2024 Elasticsearch BV
[2024-12-28T14:14:11,322][INFO ][o.e.x.o.OTelPlugin       ] [Gauravs-MacBook-Pro.local] OTel ingest plugin is enabled
[2024-12-28T14:14:11,333][INFO ][o.e.x.c.t.YamlTemplateRegistry] [Gauravs-MacBook-Pro.local] OpenTelemetry index template registry is enabled
[2024-12-28T14:14:11,334][INFO ][o.e.t.a.APM              ] [Gauravs-MacBook-Pro.local] Sending apm metrics is disabled
[2024-12-28T14:14:11,334][INFO ][o.e.t.a.APM              ] [Gauravs-MacBook-Pro.local] Sending apm tracing is disabled
[2024-12-28T14:14:11,347][INFO ][o.e.x.s.Security         ] [Gauravs-MacBook-Pro.local] Security is disabled
[2024-12-28T14:14:11,431][INFO ][o.e.x.w.Watcher          ] [Gauravs-MacBook-Pro.local] Watcher initialized components at 2024-12-28T08:44:11.431Z
[2024-12-28T14:14:11,460][INFO ][o.e.x.p.ProfilingPlugin  ] [Gauravs-MacBook-Pro.local] Profiling is enabled
[2024-12-28T14:14:11,466][INFO ][o.e.x.p.ProfilingPlugin  ] [Gauravs-MacBook-Pro.local] profiling index templates will not be installed or reinstalled
[2024-12-28T14:14:11,470][INFO ][o.e.x.a.APMPlugin        ] [Gauravs-MacBook-Pro.local] APM ingest plugin is enabled
[2024-12-28T14:14:11,483][INFO ][o.e.x.c.t.YamlTemplateRegistry] [Gauravs-MacBook-Pro.local] apm index template registry is enabled
[2024-12-28T14:14:11,676][INFO ][o.e.t.n.NettyAllocator   ] [Gauravs-MacBook-Pro.local] creating NettyAllocator with the following configs: [name=elasticsearch_configured, chunk_size=1mb, suggested_max_allocation_size=1mb, factors={es.unsafe.use_netty_default_chunk_and_page_size=false, g1gc_enabled=true, g1gc_region_size=4mb}]
[2024-12-28T14:14:11,699][INFO ][o.e.d.DiscoveryModule    ] [Gauravs-MacBook-Pro.local] using discovery type [multi-node] and seed hosts providers [settings]
[2024-12-28T14:14:12,096][INFO ][o.e.n.Node               ] [Gauravs-MacBook-Pro.local] initialized
[2024-12-28T14:14:12,096][INFO ][o.e.n.Node               ] [Gauravs-MacBook-Pro.local] starting ...
[2024-12-28T14:14:12,113][INFO ][o.e.x.s.c.f.PersistentCache] [Gauravs-MacBook-Pro.local] persistent cache index loaded
[2024-12-28T14:14:12,113][INFO ][o.e.x.d.l.DeprecationIndexingComponent] [Gauravs-MacBook-Pro.local] deprecation component started
[2024-12-28T14:14:12,149][INFO ][o.e.t.TransportService   ] [Gauravs-MacBook-Pro.local] publish_address {127.0.0.1:9300}, bound_addresses {[::1]:9300}, {127.0.0.1:9300}
[2024-12-28T14:14:12,207][INFO ][o.e.c.c.ClusterBootstrapService] [Gauravs-MacBook-Pro.local] this node has not joined a bootstrapped cluster yet; [cluster.initial_master_nodes] is set to [Gauravs-MacBook-Pro.local]
[2024-12-28T14:14:12,210][INFO ][o.e.c.c.Coordinator      ] [Gauravs-MacBook-Pro.local] setting initial configuration to VotingConfiguration{qn6VtJiBRrS59lQ_YYuWbQ}
[2024-12-28T14:14:12,318][INFO ][o.e.c.s.MasterService    ] [Gauravs-MacBook-Pro.local] elected-as-master ([1] nodes joined in term 1)[_FINISH_ELECTION_, {Gauravs-MacBook-Pro.local}{qn6VtJiBRrS59lQ_YYuWbQ}{5kqXz_f6Q2WqR9XrB2YweQ}{Gauravs-MacBook-Pro.local}{127.0.0.1}{127.0.0.1:9300}{cdfhilmrstw}{8.17.0}{7000099-8521000} completing election], term: 1, version: 1, delta: master node changed {previous [], current [{Gauravs-MacBook-Pro.local}{qn6VtJiBRrS59lQ_YYuWbQ}{5kqXz_f6Q2WqR9XrB2YweQ}{Gauravs-MacBook-Pro.local}{127.0.0.1}{127.0.0.1:9300}{cdfhilmrstw}{8.17.0}{7000099-8521000}]}
[2024-12-28T14:14:12,341][INFO ][o.e.c.c.CoordinationState] [Gauravs-MacBook-Pro.local] cluster UUID set to [PsMbpVeMQm2W0VN-_fs3zw]
[2024-12-28T14:14:12,361][INFO ][o.e.c.s.ClusterApplierService] [Gauravs-MacBook-Pro.local] master node changed {previous [], current [{Gauravs-MacBook-Pro.local}{qn6VtJiBRrS59lQ_YYuWbQ}{5kqXz_f6Q2WqR9XrB2YweQ}{Gauravs-MacBook-Pro.local}{127.0.0.1}{127.0.0.1:9300}{cdfhilmrstw}{8.17.0}{7000099-8521000}]}, term: 1, version: 1, reason: Publication{term=1, version=1}
[2024-12-28T14:14:12,376][INFO ][o.e.c.c.NodeJoinExecutor ] [Gauravs-MacBook-Pro.local] node-join: [{Gauravs-MacBook-Pro.local}{qn6VtJiBRrS59lQ_YYuWbQ}{5kqXz_f6Q2WqR9XrB2YweQ}{Gauravs-MacBook-Pro.local}{127.0.0.1}{127.0.0.1:9300}{cdfhilmrstw}{8.17.0}{7000099-8521000}] with reason [completing election]
[2024-12-28T14:14:12,378][INFO ][o.e.h.AbstractHttpServerTransport] [Gauravs-MacBook-Pro.local] publish_address {192.168.29.27:9200}, bound_addresses {[::]:9200}
[2024-12-28T14:14:12,385][INFO ][o.e.n.Node               ] [Gauravs-MacBook-Pro.local] started {Gauravs-MacBook-Pro.local}{qn6VtJiBRrS59lQ_YYuWbQ}{5kqXz_f6Q2WqR9XrB2YweQ}{Gauravs-MacBook-Pro.local}{127.0.0.1}{127.0.0.1:9300}{cdfhilmrstw}{8.17.0}{7000099-8521000}{ml.machine_memory=17179869184, transform.config_version=10.0.0, xpack.installed=true, ml.config_version=12.0.0, ml.max_jvm_size=8589934592, ml.allocated_processors_double=10.0, ml.allocated_processors=10}
[2024-12-28T14:14:12,417][INFO ][o.e.c.f.AbstractFileWatchingService] [Gauravs-MacBook-Pro.local] starting file watcher ...
[2024-12-28T14:14:12,421][INFO ][o.e.c.f.AbstractFileWatchingService] [Gauravs-MacBook-Pro.local] file settings service up and running [tid=95]
[2024-12-28T14:14:12,421][INFO ][o.e.g.GatewayService     ] [Gauravs-MacBook-Pro.local] recovered [0] indices into cluster_state
[2024-12-28T14:14:12,421][INFO ][o.e.r.s.FileSettingsService] [Gauravs-MacBook-Pro.local] setting file [/Users/gaurav/Downloads/elasticsearch-8.17.0/config/operator/settings.json] not found, initializing [file_settings] as empty
[2024-12-28T14:14:12,498][INFO ][o.e.c.m.MetadataIndexTemplateService] [Gauravs-MacBook-Pro.local] adding index template [.monitoring-kibana-mb] for index patterns [.monitoring-kibana-8-*]
[2024-12-28T14:14:12,510][INFO ][o.e.c.m.MetadataIndexTemplateService] [Gauravs-MacBook-Pro.local] adding index template [.monitoring-ent-search-mb] for index patterns [.monitoring-ent-search-8-*]
[2024-12-28T14:14:12,518][INFO ][o.e.c.m.MetadataIndexTemplateService] [Gauravs-MacBook-Pro.local] adding index template [.monitoring-logstash-mb] for index patterns [.monitoring-logstash-8-*]
[2024-12-28T14:14:12,524][INFO ][o.e.c.m.MetadataIndexTemplateService] [Gauravs-MacBook-Pro.local] adding component template [behavioral_analytics-events-mappings]
[2024-12-28T14:14:12,528][INFO ][o.e.c.m.MetadataIndexTemplateService] [Gauravs-MacBook-Pro.local] adding template [.monitoring-logstash] for index patterns [.monitoring-logstash-7-*]
[2024-12-28T14:14:12,534][INFO ][o.e.c.m.MetadataIndexTemplateService] [Gauravs-MacBook-Pro.local] adding template [.monitoring-beats] for index patterns [.monitoring-beats-7-*]
[2024-12-28T14:14:12,541][INFO ][o.e.c.m.MetadataIndexTemplateService] [Gauravs-MacBook-Pro.local] adding component template [elastic-connectors-sync-jobs-mappings]
[2024-12-28T14:14:12,543][INFO ][o.e.c.m.MetadataIndexTemplateService] [Gauravs-MacBook-Pro.local] adding component template [elastic-connectors-settings]
[2024-12-28T14:14:12,546][INFO ][o.e.c.m.MetadataIndexTemplateService] [Gauravs-MacBook-Pro.local] adding template [.monitoring-kibana] for index patterns [.monitoring-kibana-7-*]
[2024-12-28T14:14:12,548][INFO ][o.e.c.m.MetadataIndexTemplateService] [Gauravs-MacBook-Pro.local] adding component template [elastic-connectors-sync-jobs-settings]
[2024-12-28T14:14:12,553][INFO ][o.e.c.m.MetadataIndexTemplateService] [Gauravs-MacBook-Pro.local] adding template [.monitoring-es] for index patterns [.monitoring-es-7-*]
[2024-12-28T14:14:12,564][INFO ][o.e.c.m.MetadataIndexTemplateService] [Gauravs-MacBook-Pro.local] adding index template [.monitoring-es-mb] for index patterns [.monitoring-es-8-*]
[2024-12-28T14:14:12,567][INFO ][o.e.c.m.MetadataIndexTemplateService] [Gauravs-MacBook-Pro.local] adding template [.monitoring-alerts-7] for index patterns [.monitoring-alerts-7]
[2024-12-28T14:14:12,571][INFO ][o.e.c.m.MetadataIndexTemplateService] [Gauravs-MacBook-Pro.local] adding component template [elastic-connectors-mappings]
[2024-12-28T14:14:12,584][INFO ][o.e.c.m.MetadataIndexTemplateService] [Gauravs-MacBook-Pro.local] adding index template [.monitoring-beats-mb] for index patterns [.monitoring-beats-8-*]
[2024-12-28T14:14:12,588][INFO ][o.e.c.m.MetadataIndexTemplateService] [Gauravs-MacBook-Pro.local] adding index template [.ml-state] for index patterns [.ml-state*]
[2024-12-28T14:14:12,593][INFO ][o.e.c.m.MetadataIndexTemplateService] [Gauravs-MacBook-Pro.local] adding index template [search-acl-filter] for index patterns [.search-acl-filter-*]
[2024-12-28T14:14:12,598][INFO ][o.e.c.m.MetadataIndexTemplateService] [Gauravs-MacBook-Pro.local] adding index template [.ml-notifications-000002] for index patterns [.ml-notifications-000002]
[2024-12-28T14:14:12,602][INFO ][o.e.c.m.MetadataIndexTemplateService] [Gauravs-MacBook-Pro.local] adding index template [.ml-stats] for index patterns [.ml-stats-*]
[2024-12-28T14:14:12,614][INFO ][o.e.c.m.MetadataIndexTemplateService] [Gauravs-MacBook-Pro.local] adding index template [.ml-anomalies-] for index patterns [.ml-anomalies-*]
[2024-12-28T14:14:12,617][INFO ][o.e.c.m.MetadataIndexTemplateService] [Gauravs-MacBook-Pro.local] adding component template [ecs-tsdb@mappings]
[2024-12-28T14:14:12,625][INFO ][o.e.c.m.MetadataIndexTemplateService] [Gauravs-MacBook-Pro.local] adding component template [otel@mappings]
[2024-12-28T14:14:12,635][INFO ][o.e.c.m.MetadataIndexTemplateService] [Gauravs-MacBook-Pro.local] adding component template [logs-otel@mappings]
[2024-12-28T14:14:12,637][INFO ][o.e.c.m.MetadataIndexTemplateService] [Gauravs-MacBook-Pro.local] adding component template [metrics-otel@mappings]
[2024-12-28T14:14:12,640][INFO ][o.e.c.m.MetadataIndexTemplateService] [Gauravs-MacBook-Pro.local] adding component template [traces-otel@mappings]
[2024-12-28T14:14:12,642][INFO ][o.e.c.m.MetadataIndexTemplateService] [Gauravs-MacBook-Pro.local] adding component template [semconv-resource-to-ecs@mappings]
[2024-12-28T14:14:12,643][INFO ][o.e.c.m.MetadataIndexTemplateService] [Gauravs-MacBook-Pro.local] adding component template [data-streams-mappings]
[2024-12-28T14:14:12,644][INFO ][o.e.c.m.MetadataIndexTemplateService] [Gauravs-MacBook-Pro.local] adding component template [metrics-tsdb-settings]
[2024-12-28T14:14:12,645][INFO ][o.e.c.m.MetadataIndexTemplateService] [Gauravs-MacBook-Pro.local] adding component template [synthetics-settings]
[2024-12-28T14:14:12,646][INFO ][o.e.c.m.MetadataIndexTemplateService] [Gauravs-MacBook-Pro.local] adding component template [synthetics-mappings]
[2024-12-28T14:14:12,648][INFO ][o.e.c.m.MetadataIndexTemplateService] [Gauravs-MacBook-Pro.local] adding component template [metrics-mappings]
[2024-12-28T14:14:12,649][INFO ][o.e.c.m.MetadataIndexTemplateService] [Gauravs-MacBook-Pro.local] adding component template [metrics-settings]
[2024-12-28T14:14:12,651][INFO ][o.e.c.m.MetadataIndexTemplateService] [Gauravs-MacBook-Pro.local] adding component template [logs-mappings]
[2024-12-28T14:14:12,653][INFO ][o.e.c.m.MetadataIndexTemplateService] [Gauravs-MacBook-Pro.local] adding component template [ecs@dynamic_templates]
[2024-12-28T14:14:12,654][INFO ][o.e.c.m.MetadataIndexTemplateService] [Gauravs-MacBook-Pro.local] adding component template [traces@settings]
[2024-12-28T14:14:12,655][INFO ][o.e.c.m.MetadataIndexTemplateService] [Gauravs-MacBook-Pro.local] adding component template [synthetics@settings]
[2024-12-28T14:14:12,656][INFO ][o.e.c.m.MetadataIndexTemplateService] [Gauravs-MacBook-Pro.local] adding component template [kibana-reporting@settings]
[2024-12-28T14:14:12,658][INFO ][o.e.c.m.MetadataIndexTemplateService] [Gauravs-MacBook-Pro.local] adding component template [metrics@mappings]
[2024-12-28T14:14:12,660][INFO ][o.e.c.m.MetadataIndexTemplateService] [Gauravs-MacBook-Pro.local] adding component template [ecs@mappings]
[2024-12-28T14:14:12,662][INFO ][o.e.c.m.MetadataIndexTemplateService] [Gauravs-MacBook-Pro.local] adding component template [traces@mappings]
[2024-12-28T14:14:12,664][INFO ][o.e.c.m.MetadataIndexTemplateService] [Gauravs-MacBook-Pro.local] adding component template [synthetics@mappings]
[2024-12-28T14:14:12,666][INFO ][o.e.c.m.MetadataIndexTemplateService] [Gauravs-MacBook-Pro.local] adding component template [logs@mappings]
[2024-12-28T14:14:12,667][INFO ][o.e.c.m.MetadataIndexTemplateService] [Gauravs-MacBook-Pro.local] adding component template [metrics@settings]
[2024-12-28T14:14:12,669][INFO ][o.e.c.m.MetadataIndexTemplateService] [Gauravs-MacBook-Pro.local] adding component template [metrics@tsdb-settings]
[2024-12-28T14:14:12,670][INFO ][o.e.c.m.MetadataIndexTemplateService] [Gauravs-MacBook-Pro.local] adding component template [data-streams@mappings]
[2024-12-28T14:14:12,673][INFO ][o.e.c.m.MetadataIndexTemplateService] [Gauravs-MacBook-Pro.local] adding index template [.slm-history-7] for index patterns [.slm-history-7*]
[2024-12-28T14:14:12,675][INFO ][o.e.c.m.MetadataIndexTemplateService] [Gauravs-MacBook-Pro.local] adding index template [ilm-history-7] for index patterns [ilm-history-7*]
[2024-12-28T14:14:12,681][INFO ][o.e.c.m.MetadataIndexTemplateService] [Gauravs-MacBook-Pro.local] adding index template [.watch-history-16] for index patterns [.watcher-history-16*]
[2024-12-28T14:14:12,683][INFO ][o.e.c.m.MetadataIndexTemplateService] [Gauravs-MacBook-Pro.local] adding component template [.deprecation-indexing-settings]
[2024-12-28T14:14:12,688][INFO ][o.e.c.m.MetadataIndexTemplateService] [Gauravs-MacBook-Pro.local] adding component template [.deprecation-indexing-mappings]
[2024-12-28T14:14:12,691][INFO ][o.e.c.m.MetadataIndexTemplateService] [Gauravs-MacBook-Pro.local] adding index template [.fleet-fileds-fromhost-meta] for index patterns [.fleet-fileds-fromhost-meta-*]
[2024-12-28T14:14:12,697][INFO ][o.e.c.m.MetadataIndexTemplateService] [Gauravs-MacBook-Pro.local] adding index template [.fleet-fileds-fromhost-data] for index patterns [.fleet-fileds-fromhost-data-*]
[2024-12-28T14:14:12,702][INFO ][o.e.c.m.MetadataIndexTemplateService] [Gauravs-MacBook-Pro.local] adding index template [.fleet-fileds-tohost-meta] for index patterns [.fleet-fileds-tohost-meta-*]
[2024-12-28T14:14:12,709][INFO ][o.e.c.m.MetadataIndexTemplateService] [Gauravs-MacBook-Pro.local] adding index template [.fleet-fileds-tohost-data] for index patterns [.fleet-fileds-tohost-data-*]
[2024-12-28T14:14:12,722][INFO ][o.e.c.m.MetadataIndexTemplateService] [Gauravs-MacBook-Pro.local] adding component template [traces-apm.sampled-fallback@ilm]
[2024-12-28T14:14:12,731][INFO ][o.e.c.m.MetadataIndexTemplateService] [Gauravs-MacBook-Pro.local] adding component template [apm-10d@lifecycle]
[2024-12-28T14:14:12,737][INFO ][o.e.c.m.MetadataIndexTemplateService] [Gauravs-MacBook-Pro.local] adding component template [apm-180d@lifecycle]
[2024-12-28T14:14:12,748][INFO ][o.e.c.m.MetadataIndexTemplateService] [Gauravs-MacBook-Pro.local] adding component template [metrics-apm.service_destination.60m-fallback@ilm]
[2024-12-28T14:14:12,769][INFO ][o.e.c.m.MetadataIndexTemplateService] [Gauravs-MacBook-Pro.local] adding component template [metrics-apm.service_destination@mappings]
[2024-12-28T14:14:12,773][INFO ][o.e.c.m.MetadataIndexTemplateService] [Gauravs-MacBook-Pro.local] adding component template [apm@settings]
[2024-12-28T14:14:12,778][INFO ][o.e.c.m.MetadataIndexTemplateService] [Gauravs-MacBook-Pro.local] adding component template [metrics-apm.service_destination.10m-fallback@ilm]
[2024-12-28T14:14:12,790][INFO ][o.e.c.m.MetadataIndexTemplateService] [Gauravs-MacBook-Pro.local] adding component template [apm-390d@lifecycle]
[2024-12-28T14:14:12,797][INFO ][o.e.c.m.MetadataIndexTemplateService] [Gauravs-MacBook-Pro.local] adding component template [metrics-apm.service_summary.1m-fallback@ilm]
[2024-12-28T14:14:12,802][INFO ][o.e.c.m.MetadataIndexTemplateService] [Gauravs-MacBook-Pro.local] adding component template [metrics-apm.transaction.1m-fallback@ilm]
[2024-12-28T14:14:12,808][INFO ][o.e.c.m.MetadataIndexTemplateService] [Gauravs-MacBook-Pro.local] adding component template [traces-apm.rum-fallback@ilm]
[2024-12-28T14:14:12,810][INFO ][o.e.c.m.MetadataIndexTemplateService] [Gauravs-MacBook-Pro.local] adding component template [apm-90d@lifecycle]
[2024-12-28T14:14:12,815][INFO ][o.e.c.m.MetadataIndexTemplateService] [Gauravs-MacBook-Pro.local] adding component template [metrics-apm.transaction@mappings]
[2024-12-28T14:14:12,818][INFO ][o.e.c.m.MetadataIndexTemplateService] [Gauravs-MacBook-Pro.local] adding component template [metrics-apm.service_transaction.10m-fallback@ilm]
[2024-12-28T14:14:12,821][INFO ][o.e.c.m.MetadataIndexTemplateService] [Gauravs-MacBook-Pro.local] adding component template [apm@mappings]
[2024-12-28T14:14:12,824][INFO ][o.e.c.m.MetadataIndexTemplateService] [Gauravs-MacBook-Pro.local] adding component template [metrics-apm.service_summary@mappings]
[2024-12-28T14:14:12,826][INFO ][o.e.c.m.MetadataIndexTemplateService] [Gauravs-MacBook-Pro.local] adding component template [logs-apm.app-fallback@ilm]
[2024-12-28T14:14:12,828][INFO ][o.e.c.m.MetadataIndexTemplateService] [Gauravs-MacBook-Pro.local] adding component template [metrics-apm@mappings]
[2024-12-28T14:14:12,830][INFO ][o.e.c.m.MetadataIndexTemplateService] [Gauravs-MacBook-Pro.local] adding component template [traces-apm.rum@mappings]
[2024-12-28T14:14:12,833][INFO ][o.e.c.m.MetadataIndexTemplateService] [Gauravs-MacBook-Pro.local] adding component template [metrics-apm.internal-fallback@ilm]
[2024-12-28T14:14:12,836][INFO ][o.e.c.m.MetadataIndexTemplateService] [Gauravs-MacBook-Pro.local] adding component template [metrics-apm.service_transaction@mappings]
[2024-12-28T14:14:12,839][INFO ][o.e.c.m.MetadataIndexTemplateService] [Gauravs-MacBook-Pro.local] adding component template [metrics-apm.service_destination.1m-fallback@ilm]
[2024-12-28T14:14:12,840][INFO ][o.e.c.m.MetadataIndexTemplateService] [Gauravs-MacBook-Pro.local] adding component template [metrics-apm.service_transaction.60m-fallback@ilm]
[2024-12-28T14:14:12,842][INFO ][o.e.c.m.MetadataIndexTemplateService] [Gauravs-MacBook-Pro.local] adding component template [metrics-apm.transaction.10m-fallback@ilm]
[2024-12-28T14:14:12,847][INFO ][o.e.c.m.MetadataIndexTemplateService] [Gauravs-MacBook-Pro.local] adding component template [metrics-apm.app-fallback@ilm]
[2024-12-28T14:14:12,854][INFO ][o.e.c.m.MetadataIndexTemplateService] [Gauravs-MacBook-Pro.local] adding component template [metrics-apm.service_transaction.1m-fallback@ilm]
[2024-12-28T14:14:12,868][INFO ][o.e.c.m.MetadataIndexTemplateService] [Gauravs-MacBook-Pro.local] adding component template [traces-apm@mappings]
[2024-12-28T14:14:12,871][INFO ][o.e.c.m.MetadataIndexTemplateService] [Gauravs-MacBook-Pro.local] adding component template [traces-apm-fallback@ilm]
[2024-12-28T14:14:12,874][INFO ][o.e.c.m.MetadataIndexTemplateService] [Gauravs-MacBook-Pro.local] adding component template [metrics-apm.service_summary.10m-fallback@ilm]
[2024-12-28T14:14:12,875][INFO ][o.e.c.m.MetadataIndexTemplateService] [Gauravs-MacBook-Pro.local] adding component template [metrics-apm.service_summary.60m-fallback@ilm]
[2024-12-28T14:14:12,876][INFO ][o.e.c.m.MetadataIndexTemplateService] [Gauravs-MacBook-Pro.local] adding component template [logs-apm.error-fallback@ilm]
[2024-12-28T14:14:12,877][INFO ][o.e.c.m.MetadataIndexTemplateService] [Gauravs-MacBook-Pro.local] adding component template [metrics-apm@settings]
[2024-12-28T14:14:12,878][INFO ][o.e.c.m.MetadataIndexTemplateService] [Gauravs-MacBook-Pro.local] adding component template [logs-apm@settings]
[2024-12-28T14:14:12,878][INFO ][o.e.c.m.MetadataIndexTemplateService] [Gauravs-MacBook-Pro.local] adding component template [metrics-apm.transaction.60m-fallback@ilm]
[2024-12-28T14:14:12,897][INFO ][o.e.c.m.MetadataIndexTemplateService] [Gauravs-MacBook-Pro.local] adding component template [logs-apm.error@mappings]
[2024-12-28T14:14:12,977][INFO ][o.e.c.m.MetadataIndexTemplateService] [Gauravs-MacBook-Pro.local] adding index template [elastic-connectors-sync-jobs] for index patterns [.elastic-connectors-sync-jobs-v1]
[2024-12-28T14:14:12,983][INFO ][o.e.c.m.MetadataIndexTemplateService] [Gauravs-MacBook-Pro.local] adding index template [.deprecation-indexing-template] for index patterns [.logs-deprecation.*]
[2024-12-28T14:14:12,986][INFO ][o.e.c.m.MetadataIndexTemplateService] [Gauravs-MacBook-Pro.local] adding index template [synthetics] for index patterns [synthetics-*-*]
[2024-12-28T14:14:13,004][INFO ][o.e.c.m.MetadataIndexTemplateService] [Gauravs-MacBook-Pro.local] adding index template [metrics-service_transaction.1m.otel@template] for index patterns [metrics-service_transaction.1m.otel-*]
[2024-12-28T14:14:13,020][INFO ][o.e.c.m.MetadataIndexTemplateService] [Gauravs-MacBook-Pro.local] adding index template [metrics-apm.service_transaction.1m@template] for index patterns [metrics-apm.service_transaction.1m-*]
[2024-12-28T14:14:13,025][INFO ][o.e.c.m.MetadataIndexTemplateService] [Gauravs-MacBook-Pro.local] adding index template [traces-otel@template] for index patterns [traces-*.otel-*]
[2024-12-28T14:14:13,029][INFO ][o.e.c.m.MetadataIndexTemplateService] [Gauravs-MacBook-Pro.local] adding index template [metrics-apm.transaction.10m@template] for index patterns [metrics-apm.transaction.10m-*]
[2024-12-28T14:14:13,043][INFO ][o.e.c.m.MetadataIndexTemplateService] [Gauravs-MacBook-Pro.local] adding index template [metrics-transaction.60m.otel@template] for index patterns [metrics-transaction.60m.otel-*]
[2024-12-28T14:14:13,055][INFO ][o.e.c.m.MetadataIndexTemplateService] [Gauravs-MacBook-Pro.local] adding index template [metrics-service_summary.1m.otel@template] for index patterns [metrics-service_summary.1m.otel-*]
[2024-12-28T14:14:13,073][INFO ][o.e.c.m.MetadataIndexTemplateService] [Gauravs-MacBook-Pro.local] adding index template [metrics-service_destination.60m@template] for index patterns [metrics-service_destination.60m.otel-*]
[2024-12-28T14:14:13,079][INFO ][o.e.c.m.MetadataIndexTemplateService] [Gauravs-MacBook-Pro.local] adding index template [elastic-connectors] for index patterns [.elastic-connectors-v1]
[2024-12-28T14:14:13,092][INFO ][o.e.c.m.MetadataIndexTemplateService] [Gauravs-MacBook-Pro.local] adding index template [metrics-service_transaction.10m.otel@template] for index patterns [metrics-service_transaction.10m.otel-*]
[2024-12-28T14:14:13,096][INFO ][o.e.c.m.MetadataIndexTemplateService] [Gauravs-MacBook-Pro.local] adding index template [metrics] for index patterns [metrics-*-*]
[2024-12-28T14:14:13,103][INFO ][o.e.c.m.MetadataIndexTemplateService] [Gauravs-MacBook-Pro.local] adding index template [metrics-service_destination.10m@template] for index patterns [metrics-service_destination.10m.otel-*]
[2024-12-28T14:14:13,116][INFO ][o.e.c.m.MetadataIndexTemplateService] [Gauravs-MacBook-Pro.local] adding index template [metrics-transaction.10m.otel@template] for index patterns [metrics-transaction.10m.otel-*]
[2024-12-28T14:14:13,124][INFO ][o.e.c.m.MetadataIndexTemplateService] [Gauravs-MacBook-Pro.local] adding index template [metrics-service_destination.1m@template] for index patterns [metrics-service_destination.1m.otel-*]
[2024-12-28T14:14:13,130][INFO ][o.e.c.m.MetadataIndexTemplateService] [Gauravs-MacBook-Pro.local] adding index template [metrics-service_transaction.60m.otel@template] for index patterns [metrics-service_transaction.60m.otel-*]
[2024-12-28T14:14:13,135][INFO ][o.e.c.m.MetadataIndexTemplateService] [Gauravs-MacBook-Pro.local] adding index template [metrics-service_summary.10m.otel@template] for index patterns [metrics-service_summary.10m.otel-*]
[2024-12-28T14:14:13,141][INFO ][o.e.c.m.MetadataIndexTemplateService] [Gauravs-MacBook-Pro.local] adding index template [metrics-otel@template] for index patterns [metrics-*.otel-*]
[2024-12-28T14:14:13,143][INFO ][o.e.c.m.MetadataIndexTemplateService] [Gauravs-MacBook-Pro.local] adding index template [.kibana-reporting] for index patterns [.kibana-reporting*]
[2024-12-28T14:14:13,147][INFO ][o.e.c.m.MetadataIndexTemplateService] [Gauravs-MacBook-Pro.local] adding index template [metrics-transaction.1m.otel@template] for index patterns [metrics-transaction.1m.otel-*]
[2024-12-28T14:14:13,152][INFO ][o.e.c.m.MetadataIndexTemplateService] [Gauravs-MacBook-Pro.local] adding index template [metrics-service_summary.60m.otel@template] for index patterns [metrics-service_summary.60m.otel-*]
[2024-12-28T14:14:13,155][INFO ][o.e.c.m.MetadataIndexTemplateService] [Gauravs-MacBook-Pro.local] adding index template [metrics-apm.service_summary.10m@template] for index patterns [metrics-apm.service_summary.10m-*]
[2024-12-28T14:14:13,157][INFO ][o.e.c.m.MetadataIndexTemplateService] [Gauravs-MacBook-Pro.local] adding index template [metrics-apm.internal@template] for index patterns [metrics-apm.internal-*]
[2024-12-28T14:14:13,159][INFO ][o.e.c.m.MetadataIndexTemplateService] [Gauravs-MacBook-Pro.local] adding index template [metrics-apm.service_destination.1m@template] for index patterns [metrics-apm.service_destination.1m-*]
[2024-12-28T14:14:13,161][INFO ][o.e.c.m.MetadataIndexTemplateService] [Gauravs-MacBook-Pro.local] adding index template [logs-apm.error@template] for index patterns [logs-apm.error-*]
[2024-12-28T14:14:13,164][INFO ][o.e.c.m.MetadataIndexTemplateService] [Gauravs-MacBook-Pro.local] adding index template [metrics-apm.service_summary.1m@template] for index patterns [metrics-apm.service_summary.1m-*]
[2024-12-28T14:14:13,168][INFO ][o.e.c.m.MetadataIndexTemplateService] [Gauravs-MacBook-Pro.local] adding index template [metrics-apm.service_summary.60m@template] for index patterns [metrics-apm.service_summary.60m-*]
[2024-12-28T14:14:13,175][INFO ][o.e.c.m.MetadataIndexTemplateService] [Gauravs-MacBook-Pro.local] adding index template [metrics-apm.service_destination.60m@template] for index patterns [metrics-apm.service_destination.60m-*]
[2024-12-28T14:14:13,179][INFO ][o.e.c.m.MetadataIndexTemplateService] [Gauravs-MacBook-Pro.local] adding index template [metrics-apm.transaction.1m@template] for index patterns [metrics-apm.transaction.1m-*]
[2024-12-28T14:14:13,182][INFO ][o.e.c.m.MetadataIndexTemplateService] [Gauravs-MacBook-Pro.local] adding index template [metrics-apm.service_transaction.60m@template] for index patterns [metrics-apm.service_transaction.60m-*]
[2024-12-28T14:14:13,185][INFO ][o.e.c.m.MetadataIndexTemplateService] [Gauravs-MacBook-Pro.local] adding index template [traces-apm.rum@template] for index patterns [traces-apm.rum-*]
[2024-12-28T14:14:13,187][INFO ][o.e.c.m.MetadataIndexTemplateService] [Gauravs-MacBook-Pro.local] adding index template [metrics-apm.service_destination.10m@template] for index patterns [metrics-apm.service_destination.10m-*]
[2024-12-28T14:14:13,190][INFO ][o.e.c.m.MetadataIndexTemplateService] [Gauravs-MacBook-Pro.local] adding index template [metrics-apm.app@template] for index patterns [metrics-apm.app.*-*]
[2024-12-28T14:14:13,194][INFO ][o.e.c.m.MetadataIndexTemplateService] [Gauravs-MacBook-Pro.local] adding index template [metrics-apm.service_transaction.10m@template] for index patterns [metrics-apm.service_transaction.10m-*]
[2024-12-28T14:14:13,197][INFO ][o.e.c.m.MetadataIndexTemplateService] [Gauravs-MacBook-Pro.local] adding index template [metrics-apm.transaction.60m@template] for index patterns [metrics-apm.transaction.60m-*]
[2024-12-28T14:14:13,199][INFO ][o.e.c.m.MetadataIndexTemplateService] [Gauravs-MacBook-Pro.local] adding index template [traces-apm@template] for index patterns [traces-apm-*]
[2024-12-28T14:14:13,201][INFO ][o.e.c.m.MetadataIndexTemplateService] [Gauravs-MacBook-Pro.local] adding index template [logs-apm.app@template] for index patterns [logs-apm.app.*-*]
[2024-12-28T14:14:13,206][INFO ][o.e.c.m.MetadataIndexTemplateService] [Gauravs-MacBook-Pro.local] adding index template [traces-apm.sampled@template] for index patterns [traces-apm.sampled-*]
[2024-12-28T14:14:13,228][INFO ][o.e.x.i.a.TransportPutLifecycleAction] [Gauravs-MacBook-Pro.local] adding index lifecycle policy [.monitoring-8-ilm-policy]
[2024-12-28T14:14:13,256][INFO ][o.e.x.i.a.TransportPutLifecycleAction] [Gauravs-MacBook-Pro.local] adding index lifecycle policy [ml-size-based-ilm-policy]
[2024-12-28T14:14:13,299][INFO ][o.e.x.c.t.IndexTemplateRegistry] [Gauravs-MacBook-Pro.local] adding ingest pipeline behavioral_analytics-events-final_pipeline
[2024-12-28T14:14:13,299][INFO ][o.e.x.c.t.IndexTemplateRegistry] [Gauravs-MacBook-Pro.local] adding ingest pipeline logs-default-pipeline
[2024-12-28T14:14:13,299][INFO ][o.e.x.c.t.IndexTemplateRegistry] [Gauravs-MacBook-Pro.local] adding ingest pipeline logs@default-pipeline
[2024-12-28T14:14:13,299][INFO ][o.e.x.c.t.IndexTemplateRegistry] [Gauravs-MacBook-Pro.local] adding ingest pipeline metrics-apm.service_transaction@default-pipeline
[2024-12-28T14:14:13,299][INFO ][o.e.x.c.t.IndexTemplateRegistry] [Gauravs-MacBook-Pro.local] adding ingest pipeline metrics-apm.transaction@default-pipeline
[2024-12-28T14:14:13,299][INFO ][o.e.x.c.t.IndexTemplateRegistry] [Gauravs-MacBook-Pro.local] adding ingest pipeline metrics-apm.service_destination@default-pipeline
[2024-12-28T14:14:13,300][INFO ][o.e.x.c.t.IndexTemplateRegistry] [Gauravs-MacBook-Pro.local] adding ingest pipeline logs-apm.app@default-pipeline
[2024-12-28T14:14:13,300][INFO ][o.e.x.c.t.IndexTemplateRegistry] [Gauravs-MacBook-Pro.local] adding ingest pipeline metrics-apm.service_summary@default-pipeline
[2024-12-28T14:14:13,300][INFO ][o.e.x.c.t.IndexTemplateRegistry] [Gauravs-MacBook-Pro.local] adding ingest pipeline metrics-apm.app@default-pipeline
[2024-12-28T14:14:13,300][INFO ][o.e.x.c.t.IndexTemplateRegistry] [Gauravs-MacBook-Pro.local] adding ingest pipeline apm@pipeline
[2024-12-28T14:14:13,300][INFO ][o.e.x.c.t.IndexTemplateRegistry] [Gauravs-MacBook-Pro.local] adding ingest pipeline traces-apm@default-pipeline
[2024-12-28T14:14:13,300][INFO ][o.e.x.c.t.IndexTemplateRegistry] [Gauravs-MacBook-Pro.local] adding ingest pipeline logs-apm.error@default-pipeline
[2024-12-28T14:14:13,300][INFO ][o.e.x.c.t.IndexTemplateRegistry] [Gauravs-MacBook-Pro.local] adding ingest pipeline traces-apm.rum@default-pipeline
[2024-12-28T14:14:13,300][INFO ][o.e.x.c.t.IndexTemplateRegistry] [Gauravs-MacBook-Pro.local] adding ingest pipeline ent-search-generic-ingestion
[2024-12-28T14:14:13,300][INFO ][o.e.x.c.t.IndexTemplateRegistry] [Gauravs-MacBook-Pro.local] adding ingest pipeline search-default-ingestion
[2024-12-28T14:14:13,301][INFO ][o.e.x.c.t.IndexTemplateRegistry] [Gauravs-MacBook-Pro.local] adding ingest pipeline logs@json-pipeline
[2024-12-28T14:14:13,301][INFO ][o.e.x.c.t.IndexTemplateRegistry] [Gauravs-MacBook-Pro.local] adding ingest pipeline logs@json-message
[2024-12-28T14:14:13,303][INFO ][o.e.c.m.MetadataIndexTemplateService] [Gauravs-MacBook-Pro.local] adding component template [behavioral_analytics-events-settings]
[2024-12-28T14:14:13,306][INFO ][o.e.c.m.MetadataIndexTemplateService] [Gauravs-MacBook-Pro.local] adding component template [logs@settings]
[2024-12-28T14:14:13,307][INFO ][o.e.c.m.MetadataIndexTemplateService] [Gauravs-MacBook-Pro.local] adding component template [logs-settings]
[2024-12-28T14:14:13,333][INFO ][o.e.c.m.MetadataIndexTemplateService] [Gauravs-MacBook-Pro.local] adding index template [behavioral_analytics-events-default] for index patterns [behavioral_analytics-events-*]
[2024-12-28T14:14:13,337][INFO ][o.e.c.m.MetadataIndexTemplateService] [Gauravs-MacBook-Pro.local] adding index template [logs-otel@template] for index patterns [logs-*.otel-*]
[2024-12-28T14:14:13,339][INFO ][o.e.c.m.MetadataIndexTemplateService] [Gauravs-MacBook-Pro.local] adding index template [logs] for index patterns [logs-*-*]
[2024-12-28T14:14:13,359][INFO ][o.e.x.i.a.TransportPutLifecycleAction] [Gauravs-MacBook-Pro.local] adding index lifecycle policy [synthetics]
[2024-12-28T14:14:13,379][INFO ][o.e.x.i.a.TransportPutLifecycleAction] [Gauravs-MacBook-Pro.local] adding index lifecycle policy [30-days-default]
[2024-12-28T14:14:13,409][INFO ][o.e.x.i.a.TransportPutLifecycleAction] [Gauravs-MacBook-Pro.local] adding index lifecycle policy [90-days-default]
[2024-12-28T14:14:13,431][INFO ][o.e.x.i.a.TransportPutLifecycleAction] [Gauravs-MacBook-Pro.local] adding index lifecycle policy [7-days-default]
[2024-12-28T14:14:13,449][INFO ][o.e.x.i.a.TransportPutLifecycleAction] [Gauravs-MacBook-Pro.local] adding index lifecycle policy [logs]
[2024-12-28T14:14:13,467][INFO ][o.e.x.i.a.TransportPutLifecycleAction] [Gauravs-MacBook-Pro.local] adding index lifecycle policy [metrics]
[2024-12-28T14:14:13,487][INFO ][o.e.x.i.a.TransportPutLifecycleAction] [Gauravs-MacBook-Pro.local] adding index lifecycle policy [365-days-default]
[2024-12-28T14:14:13,506][INFO ][o.e.x.i.a.TransportPutLifecycleAction] [Gauravs-MacBook-Pro.local] adding index lifecycle policy [180-days-default]
[2024-12-28T14:14:13,523][INFO ][o.e.x.i.a.TransportPutLifecycleAction] [Gauravs-MacBook-Pro.local] adding index lifecycle policy [metrics@lifecycle]
[2024-12-28T14:14:13,541][INFO ][o.e.x.i.a.TransportPutLifecycleAction] [Gauravs-MacBook-Pro.local] adding index lifecycle policy [logs@lifecycle]
[2024-12-28T14:14:13,560][INFO ][o.e.x.i.a.TransportPutLifecycleAction] [Gauravs-MacBook-Pro.local] adding index lifecycle policy [synthetics@lifecycle]
[2024-12-28T14:14:13,578][INFO ][o.e.x.i.a.TransportPutLifecycleAction] [Gauravs-MacBook-Pro.local] adding index lifecycle policy [30-days@lifecycle]
[2024-12-28T14:14:13,596][INFO ][o.e.x.i.a.TransportPutLifecycleAction] [Gauravs-MacBook-Pro.local] adding index lifecycle policy [slm-history-ilm-policy]
[2024-12-28T14:14:13,614][INFO ][o.e.x.i.a.TransportPutLifecycleAction] [Gauravs-MacBook-Pro.local] adding index lifecycle policy [180-days@lifecycle]
[2024-12-28T14:14:13,632][INFO ][o.e.x.i.a.TransportPutLifecycleAction] [Gauravs-MacBook-Pro.local] adding index lifecycle policy [365-days@lifecycle]
[2024-12-28T14:14:13,651][INFO ][o.e.x.i.a.TransportPutLifecycleAction] [Gauravs-MacBook-Pro.local] adding index lifecycle policy [7-days@lifecycle]
[2024-12-28T14:14:13,668][INFO ][o.e.x.i.a.TransportPutLifecycleAction] [Gauravs-MacBook-Pro.local] adding index lifecycle policy [90-days@lifecycle]
[2024-12-28T14:14:13,685][INFO ][o.e.x.i.a.TransportPutLifecycleAction] [Gauravs-MacBook-Pro.local] adding index lifecycle policy [watch-history-ilm-policy-16]
[2024-12-28T14:14:13,705][INFO ][o.e.x.i.a.TransportPutLifecycleAction] [Gauravs-MacBook-Pro.local] adding index lifecycle policy [ilm-history-ilm-policy]
[2024-12-28T14:14:13,721][INFO ][o.e.x.i.a.TransportPutLifecycleAction] [Gauravs-MacBook-Pro.local] adding index lifecycle policy [.deprecation-indexing-ilm-policy]
[2024-12-28T14:14:13,739][INFO ][o.e.x.i.a.TransportPutLifecycleAction] [Gauravs-MacBook-Pro.local] adding index lifecycle policy [.fleet-file-tohost-data-ilm-policy]
[2024-12-28T14:14:13,758][INFO ][o.e.x.i.a.TransportPutLifecycleAction] [Gauravs-MacBook-Pro.local] adding index lifecycle policy [.fleet-file-fromhost-meta-ilm-policy]
[2024-12-28T14:14:13,775][INFO ][o.e.x.i.a.TransportPutLifecycleAction] [Gauravs-MacBook-Pro.local] adding index lifecycle policy [.fleet-actions-results-ilm-policy]
[2024-12-28T14:14:13,791][INFO ][o.e.x.i.a.TransportPutLifecycleAction] [Gauravs-MacBook-Pro.local] adding index lifecycle policy [.fleet-file-tohost-meta-ilm-policy]
[2024-12-28T14:14:13,810][INFO ][o.e.x.i.a.TransportPutLifecycleAction] [Gauravs-MacBook-Pro.local] adding index lifecycle policy [.fleet-file-fromhost-data-ilm-policy]
[2024-12-28T14:14:13,850][INFO ][o.e.x.i.a.TransportPutLifecycleAction] [Gauravs-MacBook-Pro.local] adding index lifecycle policy [metrics-apm.service_destination_10m_metrics-default_policy]
[2024-12-28T14:14:13,869][INFO ][o.e.x.i.a.TransportPutLifecycleAction] [Gauravs-MacBook-Pro.local] adding index lifecycle policy [metrics-apm.service_destination_1m_metrics-default_policy]
[2024-12-28T14:14:13,885][INFO ][o.e.x.i.a.TransportPutLifecycleAction] [Gauravs-MacBook-Pro.local] adding index lifecycle policy [metrics-apm.app_metrics-default_policy]
[2024-12-28T14:14:13,902][INFO ][o.e.x.i.a.TransportPutLifecycleAction] [Gauravs-MacBook-Pro.local] adding index lifecycle policy [metrics-apm.internal_metrics-default_policy]
[2024-12-28T14:14:13,920][INFO ][o.e.x.i.a.TransportPutLifecycleAction] [Gauravs-MacBook-Pro.local] adding index lifecycle policy [metrics-apm.service_destination_60m_metrics-default_policy]
[2024-12-28T14:14:13,938][INFO ][o.e.x.i.a.TransportPutLifecycleAction] [Gauravs-MacBook-Pro.local] adding index lifecycle policy [metrics-apm.service_summary_60m_metrics-default_policy]
[2024-12-28T14:14:13,956][INFO ][o.e.x.i.a.TransportPutLifecycleAction] [Gauravs-MacBook-Pro.local] adding index lifecycle policy [metrics-apm.service_transaction_60m_metrics-default_policy]
[2024-12-28T14:14:13,987][INFO ][o.e.x.i.a.TransportPutLifecycleAction] [Gauravs-MacBook-Pro.local] adding index lifecycle policy [metrics-apm.service_transaction_1m_metrics-default_policy]
[2024-12-28T14:14:14,007][INFO ][o.e.x.i.a.TransportPutLifecycleAction] [Gauravs-MacBook-Pro.local] adding index lifecycle policy [metrics-apm.service_summary_1m_metrics-default_policy]
[2024-12-28T14:14:14,028][INFO ][o.e.x.i.a.TransportPutLifecycleAction] [Gauravs-MacBook-Pro.local] adding index lifecycle policy [metrics-apm.transaction_10m_metrics-default_policy]
[2024-12-28T14:14:14,045][INFO ][o.e.x.i.a.TransportPutLifecycleAction] [Gauravs-MacBook-Pro.local] adding index lifecycle policy [metrics-apm.service_transaction_10m_metrics-default_policy]
[2024-12-28T14:14:14,062][INFO ][o.e.x.i.a.TransportPutLifecycleAction] [Gauravs-MacBook-Pro.local] adding index lifecycle policy [metrics-apm.transaction_60m_metrics-default_policy]
[2024-12-28T14:14:14,079][INFO ][o.e.x.i.a.TransportPutLifecycleAction] [Gauravs-MacBook-Pro.local] adding index lifecycle policy [logs-apm.error_logs-default_policy]
[2024-12-28T14:14:14,099][INFO ][o.e.x.i.a.TransportPutLifecycleAction] [Gauravs-MacBook-Pro.local] adding index lifecycle policy [metrics-apm.transaction_1m_metrics-default_policy]
[2024-12-28T14:14:14,159][INFO ][o.e.h.n.s.HealthNodeTaskExecutor] [Gauravs-MacBook-Pro.local] Node [{Gauravs-MacBook-Pro.local}{qn6VtJiBRrS59lQ_YYuWbQ}] is selected as the current health node.
[2024-12-28T14:14:14,161][INFO ][o.e.x.i.a.TransportPutLifecycleAction] [Gauravs-MacBook-Pro.local] adding index lifecycle policy [logs-apm.app_logs-default_policy]
[2024-12-28T14:14:14,185][INFO ][o.e.x.i.a.TransportPutLifecycleAction] [Gauravs-MacBook-Pro.local] adding index lifecycle policy [metrics-apm.service_summary_10m_metrics-default_policy]
[2024-12-28T14:14:14,202][INFO ][o.e.x.i.a.TransportPutLifecycleAction] [Gauravs-MacBook-Pro.local] adding index lifecycle policy [traces-apm.sampled_traces-default_policy]
[2024-12-28T14:14:14,221][INFO ][o.e.x.i.a.TransportPutLifecycleAction] [Gauravs-MacBook-Pro.local] adding index lifecycle policy [traces-apm.rum_traces-default_policy]
[2024-12-28T14:14:14,238][INFO ][o.e.x.i.a.TransportPutLifecycleAction] [Gauravs-MacBook-Pro.local] adding index lifecycle policy [traces-apm.traces-default_policy]
[2024-12-28T14:14:14,367][INFO ][o.e.l.ClusterStateLicenseService] [Gauravs-MacBook-Pro.local] license [ad4574e2-f769-452b-957e-262629ce3688] mode [basic] - valid
[2024-12-28T14:14:14,469][INFO ][o.e.x.c.t.IndexTemplateRegistry] [Gauravs-MacBook-Pro.local] adding ingest pipeline metrics-apm.internal@default-pipeline
[2024-12-28T14:14:14,470][INFO ][o.e.x.c.t.IndexTemplateRegistry] [Gauravs-MacBook-Pro.local] adding ingest pipeline traces-apm@pipeline
[2024-12-28T14:14:14,470][INFO ][o.e.x.c.t.IndexTemplateRegistry] [Gauravs-MacBook-Pro.local] adding ingest pipeline metrics-apm@pipeline
[2024-12-28T14:14:42,927][INFO ][o.e.c.m.MetadataCreateIndexService] [Gauravs-MacBook-Pro.local] [time-series-data] creating index, cause [auto(bulk api)], templates [], shards [1]/[1]
[2024-12-28T14:14:43,184][INFO ][o.e.c.m.MetadataMappingService] [Gauravs-MacBook-Pro.local] [time-series-data/loAN3UqNScSNXDnONAaeFw] create_mapping
[2024-12-28T14:33:55,457][WARN ][o.e.t.ThreadPool         ] [Gauravs-MacBook-Pro.local] timer thread slept for [4.6m/281780ms] on absolute clock which is above the warn threshold of [5000ms]
[2024-12-28T14:38:26,285][WARN ][o.e.t.ThreadPool         ] [Gauravs-MacBook-Pro.local] timer thread slept for [3.7m/223961ms] on absolute clock which is above the warn threshold of [5000ms]
[2024-12-28T14:54:11,798][WARN ][o.e.t.ThreadPool         ] [Gauravs-MacBook-Pro.local] timer thread slept for [14.9m/898709ms] on absolute clock which is above the warn threshold of [5000ms]
[2024-12-28T15:13:51,753][WARN ][o.e.t.ThreadPool         ] [Gauravs-MacBook-Pro.local] timer thread slept for [35.2s/35232ms] on absolute clock which is above the warn threshold of [5000ms]
[2024-12-28T15:18:51,750][WARN ][o.e.t.ThreadPool         ] [Gauravs-MacBook-Pro.local] timer thread slept for [4.2m/253310ms] on absolute clock which is above the warn threshold of [5000ms]
[2024-12-28T15:23:51,750][WARN ][o.e.t.ThreadPool         ] [Gauravs-MacBook-Pro.local] timer thread slept for [4.2m/253369ms] on absolute clock which is above the warn threshold of [5000ms]
[2024-12-28T15:28:51,748][WARN ][o.e.t.ThreadPool         ] [Gauravs-MacBook-Pro.local] timer thread slept for [4.2m/253351ms] on absolute clock which is above the warn threshold of [5000ms]
[2024-12-28T15:29:59,612][WARN ][o.e.t.ThreadPool         ] [Gauravs-MacBook-Pro.local] timer thread slept for [18.1s/18103ms] on absolute clock which is above the warn threshold of [5000ms]
[2024-12-28T15:33:51,721][WARN ][o.e.t.ThreadPool         ] [Gauravs-MacBook-Pro.local] timer thread slept for [3.7m/224183ms] on absolute clock which is above the warn threshold of [5000ms]
[2024-12-28T15:48:59,151][WARN ][o.e.t.ThreadPool         ] [Gauravs-MacBook-Pro.local] timer thread slept for [15m/900167ms] on absolute clock which is above the warn threshold of [5000ms]
[2024-12-28T15:49:52,990][WARN ][o.e.t.ThreadPool         ] [Gauravs-MacBook-Pro.local] timer thread slept for [29.5s/29598ms] on absolute clock which is above the warn threshold of [5000ms]
[2024-12-28T16:05:01,181][WARN ][o.e.t.ThreadPool         ] [Gauravs-MacBook-Pro.local] timer thread slept for [15m/900674ms] on absolute clock which is above the warn threshold of [5000ms]
[2024-12-28T16:20:33,109][WARN ][o.e.t.ThreadPool         ] [Gauravs-MacBook-Pro.local] timer thread slept for [15m/900097ms] on absolute clock which is above the warn threshold of [5000ms]
[2024-12-28T16:30:07,764][WARN ][o.e.t.ThreadPool         ] [Gauravs-MacBook-Pro.local] timer thread slept for [9.1m/551856ms] on absolute clock which is above the warn threshold of [5000ms]
[2024-12-28T16:45:20,558][WARN ][o.e.t.ThreadPool         ] [Gauravs-MacBook-Pro.local] timer thread slept for [15m/900200ms] on absolute clock which is above the warn threshold of [5000ms]
[2024-12-28T16:50:38,257][WARN ][o.e.t.ThreadPool         ] [Gauravs-MacBook-Pro.local] timer thread slept for [4.9m/294940ms] on absolute clock which is above the warn threshold of [5000ms]
[2024-12-28T16:55:41,242][WARN ][o.e.t.ThreadPool         ] [Gauravs-MacBook-Pro.local] timer thread slept for [4.8m/291092ms] on absolute clock which is above the warn threshold of [5000ms]
[2024-12-28T16:59:40,691][WARN ][o.e.t.ThreadPool         ] [Gauravs-MacBook-Pro.local] timer thread slept for [3.8m/228708ms] on absolute clock which is above the warn threshold of [5000ms]
[2024-12-28T17:17:01,687][WARN ][o.e.t.ThreadPool         ] [Gauravs-MacBook-Pro.local] timer thread slept for [17.2m/1033698ms] on absolute clock which is above the warn threshold of [5000ms]
[2024-12-28T17:31:07,697][WARN ][o.e.t.ThreadPool         ] [Gauravs-MacBook-Pro.local] timer thread slept for [11m/664289ms] on absolute clock which is above the warn threshold of [5000ms]
[2024-12-28T17:46:29,605][WARN ][o.e.t.ThreadPool         ] [Gauravs-MacBook-Pro.local] timer thread slept for [15m/900140ms] on absolute clock which is above the warn threshold of [5000ms]
[2024-12-28T18:01:52,608][WARN ][o.e.t.ThreadPool         ] [Gauravs-MacBook-Pro.local] timer thread slept for [15m/900674ms] on absolute clock which is above the warn threshold of [5000ms]
[2024-12-28T18:17:16,709][WARN ][o.e.t.ThreadPool         ] [Gauravs-MacBook-Pro.local] timer thread slept for [15m/900783ms] on absolute clock which is above the warn threshold of [5000ms]
[2024-12-28T18:32:07,765][WARN ][o.e.t.ThreadPool         ] [Gauravs-MacBook-Pro.local] timer thread slept for [14.4m/868617ms] on absolute clock which is above the warn threshold of [5000ms]
[2024-12-28T18:47:33,297][WARN ][o.e.t.ThreadPool         ] [Gauravs-MacBook-Pro.local] timer thread slept for [15m/900851ms] on absolute clock which is above the warn threshold of [5000ms]
[2024-12-28T19:02:56,898][WARN ][o.e.t.ThreadPool         ] [Gauravs-MacBook-Pro.local] timer thread slept for [15m/900829ms] on absolute clock which is above the warn threshold of [5000ms]
[2024-12-28T19:12:27,386][WARN ][o.e.t.ThreadPool         ] [Gauravs-MacBook-Pro.local] timer thread slept for [8.4m/506755ms] on absolute clock which is above the warn threshold of [5000ms]
[2024-12-28T19:27:34,898][WARN ][o.e.t.ThreadPool         ] [Gauravs-MacBook-Pro.local] timer thread slept for [15m/900145ms] on absolute clock which is above the warn threshold of [5000ms]
[2024-12-28T19:33:07,643][WARN ][o.e.t.ThreadPool         ] [Gauravs-MacBook-Pro.local] timer thread slept for [5.1m/308465ms] on absolute clock which is above the warn threshold of [5000ms]
[2024-12-28T19:44:23,908][WARN ][o.e.t.ThreadPool         ] [Gauravs-MacBook-Pro.local] timer thread slept for [11.1m/666106ms] on absolute clock which is above the warn threshold of [5000ms]
